/home/idk/Projects/nightly-env/tartrazine/tartrazine.vala: In function ‘tartrazine_robot_poison_SaveSet’:
/home/idk/Projects/nightly-env/tartrazine/tartrazine.vala:126:36: warning: passing argument 1 of ‘g_free’ discards ‘const’ qualifier from pointer target type [-Wdiscarded-qualifiers]
                                 FileUtils.get_data (this.TOX_SAVE, out options.savedata_data);
                                    ^~~~~~
In file included from /usr/include/glib-2.0/glib/glist.h:32:0,
                 from /usr/include/glib-2.0/glib/ghash.h:33,
                 from /usr/include/glib-2.0/glib.h:50,
                 from /home/idk/Projects/nightly-env/tartrazine/tartrazine.vala.c:8:
/usr/include/glib-2.0/glib/gmem.h:71:7: note: expected ‘gpointer {aka void *}’ but argument is of type ‘const uint8_t * {aka const unsigned char *}’
 void  g_free           (gpointer  mem);
       ^~~~~~
/home/idk/Projects/nightly-env/tartrazine/tartrazine.vala: In function ‘tartrazine_robot_poison_bootstrap’:
/home/idk/Projects/nightly-env/tartrazine/tartrazine.vala:4:2: warning: ‘g_simple_async_result_new’ is deprecated: Use 'g_task_new' instead [-Wdeprecated-declarations]
         public class RobotPoison : Object {
  ^     
In file included from /usr/include/glib-2.0/gio/gio.h:117:0,
                 from /home/idk/Projects/nightly-env/tartrazine/tartrazine.vala.c:13:
/usr/include/glib-2.0/gio/gsimpleasyncresult.h:51:21: note: declared here
 GSimpleAsyncResult *g_simple_async_result_new              (GObject                 *source_object,
                     ^~~~~~~~~~~~~~~~~~~~~~~~~
/home/idk/Projects/nightly-env/tartrazine/tartrazine.vala:4:2: warning: ‘g_simple_async_result_set_op_res_gpointer’ is deprecated [-Wdeprecated-declarations]
         public class RobotPoison : Object {
  ^      ~~~~~~~~~~~~~~~~~~~~~~~~~~~~~~~~~~
In file included from /usr/include/glib-2.0/gio/gio.h:117:0,
                 from /home/idk/Projects/nightly-env/tartrazine/tartrazine.vala.c:13:
/usr/include/glib-2.0/gio/gsimpleasyncresult.h:75:21: note: declared here
 void                g_simple_async_result_set_op_res_gpointer (GSimpleAsyncResult      *simple,
                     ^~~~~~~~~~~~~~~~~~~~~~~~~~~~~~~~~~~~~~~~~
/home/idk/Projects/nightly-env/tartrazine/tartrazine.vala: In function ‘tartrazine_robot_poison_bootstrap_finish’:
/home/idk/Projects/nightly-env/tartrazine/tartrazine.vala:4:2: warning: ‘g_simple_async_result_get_op_res_gpointer’ is deprecated [-Wdeprecated-declarations]
         public class RobotPoison : Object {
  ^     
In file included from /usr/include/glib-2.0/gio/gio.h:117:0,
                 from /home/idk/Projects/nightly-env/tartrazine/tartrazine.vala.c:13:
/usr/include/glib-2.0/gio/gsimpleasyncresult.h:79:21: note: declared here
 gpointer            g_simple_async_result_get_op_res_gpointer (GSimpleAsyncResult      *simple);
                     ^~~~~~~~~~~~~~~~~~~~~~~~~~~~~~~~~~~~~~~~~
/home/idk/Projects/nightly-env/tartrazine/tartrazine.vala: In function ‘tartrazine_robot_poison_bootstrap_co’:
/home/idk/Projects/nightly-env/tartrazine/tartrazine.vala:144:3: warning: ‘g_simple_async_result_complete_in_idle’ is deprecated [-Wdeprecated-declarations]
                 private async void bootstrap (){
   ^             ~~~~~~~~~~~~~~~~~~~~~~~~
In file included from /usr/include/glib-2.0/gio/gio.h:117:0,
                 from /home/idk/Projects/nightly-env/tartrazine/tartrazine.vala.c:13:
/usr/include/glib-2.0/gio/gsimpleasyncresult.h:106:21: note: declared here
 void                g_simple_async_result_complete_in_idle (GSimpleAsyncResult      *simple);
                     ^~~~~~~~~~~~~~~~~~~~~~~~~~~~~~~~~~~~~~
/home/idk/Projects/nightly-env/tartrazine/tartrazine.vala:144:3: warning: ‘g_simple_async_result_complete’ is deprecated [-Wdeprecated-declarations]
                 private async void bootstrap (){
   ^             ~~~~~~~~~~~~~~~~
In file included from /usr/include/glib-2.0/gio/gio.h:117:0,
                 from /home/idk/Projects/nightly-env/tartrazine/tartrazine.vala.c:13:
/usr/include/glib-2.0/gio/gsimpleasyncresult.h:104:21: note: declared here
 void                g_simple_async_result_complete         (GSimpleAsyncResult      *simple);
                     ^~~~~~~~~~~~~~~~~~~~~~~~~~~~~~
/home/idk/Projects/nightly-env/tartrazine/tartrazine.vala: In function ‘tartrazine_robot_poison_RegisterCallBacks’:
/home/idk/Projects/nightly-env/tartrazine/tartrazine.vala:188:39: warning: passing argument 2 of ‘tox_callback_friend_message’ from incompatible pointer type [-Wincompatible-pointer-types]
                         this.handle.callback_friend_message (this.OnFriendMessage);
                                       ^~~~~~~~~~~~~~~~~~~~~~~~~~~~~~~~~~~~~~~~~~~~~                 
In file included from /home/idk/Projects/nightly-env/tartrazine/tartrazine.vala.c:12:0:
/usr/include/tox/tox.h:1570:6: note: expected ‘void (*)(Tox *, uint32_t,  TOX_MESSAGE_TYPE,  const uint8_t *, size_t,  void *) {aka void (*)(struct Tox *, unsigned int,  enum TOX_MESSAGE_TYPE,  const unsigned char *, long unsigned int,  void *)}’ but argument is of type ‘void (*)(Tox *, guint32,  TOX_MESSAGE_TYPE,  guint8 *, size_t,  void *) {aka void (*)(struct Tox *, unsigned int,  enum TOX_MESSAGE_TYPE,  unsigned char *, long unsigned int,  void *)}’
 void tox_callback_friend_message(Tox *tox, tox_friend_message_cb *callback, void *user_data);
      ^~~~~~~~~~~~~~~~~~~~~~~~~~~
/home/idk/Projects/nightly-env/tartrazine/tartrazine.vala:189:39: warning: passing argument 2 of ‘tox_callback_friend_request’ from incompatible pointer type [-Wincompatible-pointer-types]
                         this.handle.callback_friend_request (this.OnFriendRequest);
                                       ^~~~~~~~~~~~~~~~~~~~~~~~~~~~~~~~~~~~~~~~~~~~~                 
In file included from /home/idk/Projects/nightly-env/tartrazine/tartrazine.vala.c:12:0:
/usr/include/tox/tox.h:1551:6: note: expected ‘void (*)(Tox *, const uint8_t *, const uint8_t *, size_t,  void *) {aka void (*)(struct Tox *, const unsigned char *, const unsigned char *, long unsigned int,  void *)}’ but argument is of type ‘void (*)(Tox *, guint8 *, guint8 *, size_t,  void *) {aka void (*)(struct Tox *, unsigned char *, unsigned char *, long unsigned int,  void *)}’
 void tox_callback_friend_request(Tox *tox, tox_friend_request_cb *callback, void *user_data);
      ^~~~~~~~~~~~~~~~~~~~~~~~~~~
/home/idk/Projects/nightly-env/tartrazine/tartrazine.vala: In function ‘tartrazine_robot_poison_SetupGroups’:
/home/idk/Projects/nightly-env/tartrazine/tartrazine.vala:197:38: warning: passing argument 2 of ‘tox_callback_group_message’ from incompatible pointer type [-Wincompatible-pointer-types]
                         this.handle.callback_group_message ((self, GROUP_NUMBER, peer_number, message) => {
                                      ^~~~~~~~~~~~~~~~~~~~~~~~~~~~~~~~
In file included from /usr/include/tox/tox.h:2304:0,
                 from /home/idk/Projects/nightly-env/tartrazine/tartrazine.vala.c:12:
/usr/include/tox/tox_old.h:28:6: note: expected ‘void (*)(Tox *, int,  int,  const uint8_t *, uint16_t,  void *) {aka void (*)(struct Tox *, int,  int,  const unsigned char *, short unsigned int,  void *)}’ but argument is of type ‘void (*)(Tox *, gint,  gint,  guint8 *, uint16_t,  void *) {aka void (*)(struct Tox *, int,  int,  unsigned char *, short unsigned int,  void *)}’
 void tox_callback_group_message(Tox *tox, void (*function)(Tox *tox, int, int, const uint8_t *, uint16_t, void *),
      ^~~~~~~~~~~~~~~~~~~~~~~~~~
/home/idk/Projects/nightly-env/tartrazine/tartrazine.vala:206:37: warning: passing argument 2 of ‘tox_callback_group_action’ from incompatible pointer type [-Wincompatible-pointer-types]
                         this.handle.callback_group_action ((self, GROUP_NUMBER, peer_number, action) => {
                                     ^~~~~~~~~~~~~~~~~~~~~~~~~~~~~~~
In file included from /usr/include/tox/tox.h:2304:0,
                 from /home/idk/Projects/nightly-env/tartrazine/tartrazine.vala.c:12:
/usr/include/tox/tox_old.h:35:6: note: expected ‘void (*)(Tox *, int,  int,  const uint8_t *, uint16_t,  void *) {aka void (*)(struct Tox *, int,  int,  const unsigned char *, short unsigned int,  void *)}’ but argument is of type ‘void (*)(Tox *, gint,  gint,  guint8 *, uint16_t,  void *) {aka void (*)(struct Tox *, int,  int,  unsigned char *, short unsigned int,  void *)}’
 void tox_callback_group_action(Tox *tox, void (*function)(Tox *tox, int, int, const uint8_t *, uint16_t, void *),
      ^~~~~~~~~~~~~~~~~~~~~~~~~
/home/idk/Projects/nightly-env/tartrazine/tartrazine.vala:211:36: warning: passing argument 2 of ‘tox_callback_group_title’ from incompatible pointer type [-Wincompatible-pointer-types]
                         this.handle.callback_group_title ((self, GROUP_NUMBER, peer_number, title) => {
                                    ^~~~~~~~~~~~~~~~~~~~~~~~~~~~~~
In file included from /usr/include/tox/tox.h:2304:0,
                 from /home/idk/Projects/nightly-env/tartrazine/tartrazine.vala.c:12:
/usr/include/tox/tox_old.h:43:6: note: expected ‘void (*)(Tox *, int,  int,  const uint8_t *, uint8_t,  void *) {aka void (*)(struct Tox *, int,  int,  const unsigned char *, unsigned char,  void *)}’ but argument is of type ‘void (*)(Tox *, gint,  gint,  guint8 *, int,  void *) {aka void (*)(struct Tox *, int,  int,  unsigned char *, int,  void *)}’
 void tox_callback_group_title(Tox *tox, void (*function)(Tox *tox, int, int, const uint8_t *, uint8_t,
      ^~~~~~~~~~~~~~~~~~~~~~~~
